<?xml version="1.0" encoding="UTF-8"?>
<testng-results skipped="0" failed="0" ignored="0" total="1" passed="1">
  <reporter-output>
  </reporter-output>
  <suite name="Default suite" duration-ms="20249" started-at="2020-01-12T14:22:47 IST" finished-at="2020-01-12T14:23:07 IST">
    <groups>
    </groups>
    <test name="Default test" duration-ms="20249" started-at="2020-01-12T14:22:47 IST" finished-at="2020-01-12T14:23:07 IST">
      <class name="com.npntraining.pageobjects.UserPageTest">
        <test-method status="PASS" signature="setupBeforeClass()[pri:0, instance:com.npntraining.pageobjects.UserPageTest@53f65459]" name="setupBeforeClass" is-config="true" duration-ms="6988" started-at="2020-01-12T14:22:47 IST" finished-at="2020-01-12T14:22:54 IST">
          <reporter-output>
          </reporter-output>
        </test-method> <!-- setupBeforeClass -->
        <test-method status="PASS" signature="clickLogin()[pri:0, instance:com.npntraining.pageobjects.UserPageTest@53f65459]" name="clickLogin" is-config="true" duration-ms="3470" started-at="2020-01-12T14:22:54 IST" finished-at="2020-01-12T14:22:57 IST">
          <reporter-output>
          </reporter-output>
        </test-method> <!-- clickLogin -->
        <test-method status="PASS" signature="DeleteUser()[pri:0, instance:com.npntraining.pageobjects.UserPageTest@53f65459]" name="DeleteUser" duration-ms="9722" started-at="2020-01-12T14:22:57 IST" finished-at="2020-01-12T14:23:07 IST">
          <reporter-output>
          </reporter-output>
        </test-method> <!-- DeleteUser -->
      </class> <!-- com.npntraining.pageobjects.UserPageTest -->
    </test> <!-- Default test -->
  </suite> <!-- Default suite -->
</testng-results>
